<?xml version="1.0" encoding="UTF-8"?>
<!-- Generated by org.testng.reporters.JUnitReportReporter -->
<testsuite hostname="Banus-Air" failures="0" tests="2" name="com.qa.opencart.tests.InventoryPageTest" time="0.171" errors="0" timestamp="11 Jul 2024 09:52:13 GMT" skipped="0">
  <testcase classname="com.qa.opencart.tests.InventoryPageTest" name="inventoryPageHeaderTest" time="0.147"/>
  <testcase classname="com.qa.opencart.tests.InventoryPageTest" name="inventoryPageTitleTest" time="0.024"/>
</testsuite> <!-- com.qa.opencart.tests.InventoryPageTest -->
