<?xml version="1.0" encoding="UTF-8"?>
<!-- Generated by org.testng.reporters.JUnitReportReporter -->
<testsuite hostname="Banus-Air" failures="0" tests="1" name="com.qa.opencart.tests.LoginPageTest" time="2.531" errors="0" timestamp="11 Jul 2024 09:43:03 GMT" skipped="0">
  <testcase classname="com.qa.opencart.tests.LoginPageTest" name="loginTest" time="2.531"/>
</testsuite> <!-- com.qa.opencart.tests.LoginPageTest -->
